C51 COMPILER V9.54   CTIMER0                                                               11/20/2021 21:25:56 PAGE 1   


C51 COMPILER V9.54, COMPILATION OF MODULE CTIMER0
OBJECT MODULE PLACED IN .\Objects\CTimer0.obj
COMPILER INVOKED BY: D:\keil5\C51\BIN\C51.EXE CTimer0.c OPTIMIZE(8,SPEED) BROWSE DEBUG OBJECTEXTEND PRINT(.\Listings\CTi
                    -mer0.lst) TABS(2) OBJECT(.\Objects\CTimer0.obj)

line level    source

   1          #include <REGX52.H>
   2          #include "CTimer0.h"
   3          
   4          void CTimer0_Init()
   5          {
   6   1        TMOD&=0xF0;
   7   1        TMOD|=0x01;
   8   1        TH0=0;
   9   1        TL0=0;
  10   1        TF0=0;
  11   1        TR0=0;//定时器不计时
  12   1      }
  13          
  14          void CTimer0_SCounter(unsigned int val)
  15          {
  16   1        TH0=val/256;
  17   1        TL0=val%256;
  18   1      }
  19          
  20          unsigned int CTimer0_GCounter()
  21          {
  22   1        return (TH0<<8)|TL0;
  23   1      }
  24          
  25          void CTimer0_R(unsigned char flag)
  26          {
  27   1        TR0=flag;
  28   1      }


MODULE INFORMATION:   STATIC OVERLAYABLE
   CODE SIZE        =     42    ----
   CONSTANT SIZE    =   ----    ----
   XDATA SIZE       =   ----    ----
   PDATA SIZE       =   ----    ----
   DATA SIZE        =   ----    ----
   IDATA SIZE       =   ----    ----
   BIT SIZE         =   ----    ----
END OF MODULE INFORMATION.


C51 COMPILATION COMPLETE.  0 WARNING(S),  0 ERROR(S)
