C51 COMPILER V9.54   DELAY                                                                 11/20/2021 21:25:55 PAGE 1   


C51 COMPILER V9.54, COMPILATION OF MODULE DELAY
OBJECT MODULE PLACED IN .\Objects\delay.obj
COMPILER INVOKED BY: D:\keil5\C51\BIN\C51.EXE delay.c OPTIMIZE(8,SPEED) BROWSE DEBUG OBJECTEXTEND PRINT(.\Listings\delay
                    -.lst) TABS(2) OBJECT(.\Objects\delay.obj)

line level    source

   1          void delayms (unsigned int xms)
   2          {
   3   1        unsigned int i,j;
   4   1        for(i=xms;i>0;i--)
   5   1          for(j=110;j>0;j--);
   6   1      
   7   1      }


MODULE INFORMATION:   STATIC OVERLAYABLE
   CODE SIZE        =     30    ----
   CONSTANT SIZE    =   ----    ----
   XDATA SIZE       =   ----    ----
   PDATA SIZE       =   ----    ----
   DATA SIZE        =   ----    ----
   IDATA SIZE       =   ----    ----
   BIT SIZE         =   ----    ----
END OF MODULE INFORMATION.


C51 COMPILATION COMPLETE.  0 WARNING(S),  0 ERROR(S)
