C51 COMPILER V9.54   DS1302                                                                11/20/2021 21:25:55 PAGE 1   


C51 COMPILER V9.54, COMPILATION OF MODULE DS1302
OBJECT MODULE PLACED IN .\Objects\DS1302.obj
COMPILER INVOKED BY: D:\keil5\C51\BIN\C51.EXE DS1302.c OPTIMIZE(8,SPEED) BROWSE DEBUG OBJECTEXTEND PRINT(.\Listings\DS13
                    -02.lst) TABS(2) OBJECT(.\Objects\DS1302.obj)

line level    source

   1          #include <REGX52.H>
   2          #include "delay.h"
   3          #include "intrins.h"
   4          
   5          #define SECOND  0x80 //写入的地址
   6          #define MINUTE  0x82
   7          #define HOUR    0x84
   8          #define DATE    0x86
   9          #define MONTH   0x88
  10          #define DAY     0x8A
  11          #define YEAR    0x8C
  12          #define WP      0x8E
  13          
  14          
  15          sbit DS_SCLK=P1^0;
  16          sbit DS_IO=P1^1;
  17          sbit DS_CE=P1^2;
  18          
  19          signed char  DS_Time[]={21,11,9,6,59,55,0};//可优化的代码
  20          
  21          char* DS_DAY[]={"SUN","MON","TUE","WED","THU","FRI","SAT"};
  22          
  23          unsigned char DS_Mod[]={YEAR,MONTH,DATE,HOUR,MINUTE,SECOND,DAY};
  24          
  25          unsigned char i;
  26          void DS_Init()
  27          {
  28   1        DS_CE=0;
  29   1        DS_SCLK=0;
  30   1        
  31   1      }
  32          
  33          void code DS_WriteByte(unsigned char command,Data)
  34          {
  35   1        unsigned char i;
  36   1        DS_CE=1;
  37   1        for(i=0;i<8;i++)
  38   1        { 
  39   2          DS_IO=command&(0x01<<i);
  40   2          DS_SCLK=1;
  41   2          DS_SCLK=0;
  42   2        }
  43   1        for(i=0;i<8;i++)
  44   1        { 
  45   2          DS_IO=Data&(0x01<<i);
  46   2          DS_SCLK=1;
  47   2          DS_SCLK=0;
  48   2        }
  49   1        DS_CE=0;
  50   1      }
  51          
  52          unsigned char code DS_ReadByte(unsigned char command)
  53          {
  54   1        unsigned char i,Data=0x00;
C51 COMPILER V9.54   DS1302                                                                11/20/2021 21:25:55 PAGE 2   

  55   1        command|=0x01;//最低位赋1 使读写指令共用宏定义
  56   1        DS_CE=1;
  57   1        for(i=0;i<8;i++)
  58   1        { 
  59   2          DS_IO=command&(0x01<<i);
  60   2          DS_SCLK=0;
  61   2          DS_SCLK=1;
  62   2        }
  63   1        DS_IO=0;
  64   1        for(i=0;i<8;i++)
  65   1        {
  66   2          DS_SCLK=1;
  67   2          DS_SCLK=0;
  68   2          if(DS_IO)
  69   2          {
  70   3            Data=Data|(0x01<<i);
  71   3          }
  72   2        }
  73   1        DS_CE=0;
  74   1        return Data;
  75   1      }
  76          
  77          
  78          unsigned int j;
  79          void DS_SetTime()
  80          {
  81   1        DS_WriteByte(WP,0x00);//解除写保护
  82   1        for(j=0;j<7;j++)
  83   1        {
  84   2          unsigned char temp;
  85   2          temp=DS_Time[j]/10*16+DS_Time[j]%10;//写入时转为BCD码
  86   2          DS_WriteByte(DS_Mod[j],temp);
  87   2        }
  88   1        DS_WriteByte(WP,0x80);//恢复写保护
  89   1      }
  90          
  91          
  92          void DS_ReadTime()
  93          {
  94   1        for(i=0;i<7;i++)
  95   1        {
  96   2          unsigned char temp;
  97   2          temp=DS_ReadByte(DS_Mod[i]);
  98   2          DS_Time[i]=temp/16*10+temp%16;//读取时转为十进制
  99   2        }
 100   1        
 101   1        
 102   1        
 103   1      }


MODULE INFORMATION:   STATIC OVERLAYABLE
   CODE SIZE        =    302    ----
   CONSTANT SIZE    =     28    ----
   XDATA SIZE       =   ----    ----
   PDATA SIZE       =   ----    ----
   DATA SIZE        =     38       4
   IDATA SIZE       =   ----    ----
   BIT SIZE         =   ----    ----
END OF MODULE INFORMATION.


C51 COMPILATION COMPLETE.  0 WARNING(S),  0 ERROR(S)
