C51 COMPILER V9.54   DS18B20                                                               11/20/2021 21:25:57 PAGE 1   


C51 COMPILER V9.54, COMPILATION OF MODULE DS18B20
OBJECT MODULE PLACED IN .\Objects\DS18B20.obj
COMPILER INVOKED BY: D:\keil5\C51\BIN\C51.EXE DS18B20.c OPTIMIZE(8,SPEED) BROWSE DEBUG OBJECTEXTEND PRINT(.\Listings\DS1
                    -8B20.lst) TABS(2) OBJECT(.\Objects\DS18B20.obj)

line level    source

   1          #include <REGX52.H>
   2          #include "OneWire.h"
   3          
   4          #define DS18B20_SKIP_ROM 0XCC
   5          #define DS18B20_CONVERT_T 0X44
   6          #define DS18B20_READ_SCRATCHPAD 0XBE
   7          
   8          
   9          
  10          void DS18B20_ConvertT()
  11          {
  12   1        OneWire_Init();
  13   1        OneWire_SendByte(DS18B20_SKIP_ROM);
  14   1        OneWire_SendByte(DS18B20_CONVERT_T);
  15   1      
  16   1      }
  17          
  18          float DS18B20_ReadT()
  19          {
  20   1        unsigned char TLSB,TMSB;
  21   1        int Temp;
  22   1        float T;
  23   1        OneWire_Init();
  24   1        OneWire_SendByte(DS18B20_SKIP_ROM);
  25   1        OneWire_SendByte(DS18B20_READ_SCRATCHPAD);
  26   1        TLSB=OneWire_ReceiveByte();
  27   1        TMSB=OneWire_ReceiveByte();
  28   1        Temp=(TMSB<<8)|TLSB;
  29   1        T=Temp/16.0;
  30   1        return T;
  31   1      }


MODULE INFORMATION:   STATIC OVERLAYABLE
   CODE SIZE        =     57    ----
   CONSTANT SIZE    =   ----    ----
   XDATA SIZE       =   ----    ----
   PDATA SIZE       =   ----    ----
   DATA SIZE        =   ----       1
   IDATA SIZE       =   ----    ----
   BIT SIZE         =   ----    ----
END OF MODULE INFORMATION.


C51 COMPILATION COMPLETE.  0 WARNING(S),  0 ERROR(S)
