C51 COMPILER V9.54   IR                                                                    11/20/2021 21:25:57 PAGE 1   


C51 COMPILER V9.54, COMPILATION OF MODULE IR
OBJECT MODULE PLACED IN .\Objects\IR.obj
COMPILER INVOKED BY: D:\keil5\C51\BIN\C51.EXE IR.c OPTIMIZE(8,SPEED) BROWSE DEBUG OBJECTEXTEND PRINT(.\Listings\IR.lst) 
                    -TABS(2) OBJECT(.\Objects\IR.obj)

line level    source

   1          #include <REGX52.H>
   2          #include "Int0.h"
   3          
   4          void IR_Init()
   5          {
   6   1          Int0_Init();
   7   1      }
   8          
   9          
  10          
  11          
  12          
  13          
  14          
  15          
  16          
  17          
  18          


MODULE INFORMATION:   STATIC OVERLAYABLE
   CODE SIZE        =      3    ----
   CONSTANT SIZE    =   ----    ----
   XDATA SIZE       =   ----    ----
   PDATA SIZE       =   ----    ----
   DATA SIZE        =   ----    ----
   IDATA SIZE       =   ----    ----
   BIT SIZE         =   ----    ----
END OF MODULE INFORMATION.


C51 COMPILATION COMPLETE.  0 WARNING(S),  0 ERROR(S)
