C51 COMPILER V9.54   LCD1602                                                               11/20/2021 21:25:58 PAGE 1   


C51 COMPILER V9.54, COMPILATION OF MODULE LCD1602
OBJECT MODULE PLACED IN .\Objects\LCD1602.obj
COMPILER INVOKED BY: D:\keil5\C51\BIN\C51.EXE LCD1602.c OPTIMIZE(8,SPEED) BROWSE DEBUG OBJECTEXTEND PRINT(.\Listings\LCD
                    -1602.lst) TABS(2) OBJECT(.\Objects\LCD1602.obj)

line level    source

   1          #include <REGX52.H>
   2          
   3          sbit LCD_RS=P2^5;
   4          sbit LCD_RW=P2^6;
   5          sbit LCD_EN=P2^7;
   6          sbit LCD_K=P2^4;
   7          #define LCD_DataPort P0
   8          
   9          extern unsigned char backlight;
  10          
  11          unsigned char LCD_LightClose()
  12          {
  13   1          if(backlight==0) {return 0;}
  14   1          else {return 1;}
  15   1      }
  16          
  17          void LCD_Delay()
  18          {
  19   1        unsigned char i, j;
  20   1        i = 2;
  21   1        j = 239;
  22   1        do
  23   1        {
  24   2          while (--j);
  25   2        } while (--i);
  26   1      }
  27          
  28          void LCD_WriteCommand(unsigned char Command)
  29          {
  30   1        LCD_K = LCD_LightClose();
  31   1        LCD_EN=0;
  32   1        
  33   1        LCD_RS=0;
  34   1        LCD_RW=0;
  35   1        LCD_DataPort=Command;
  36   1        LCD_EN=1;
  37   1        LCD_Delay();
  38   1        LCD_EN=0;
  39   1        LCD_Delay();
  40   1      }
  41          
  42          
  43          
  44          void LCD_WriteData(unsigned char Data)
  45          {
  46   1      
  47   1        LCD_EN=0;
  48   1        
  49   1        LCD_RS=1;
  50   1        LCD_RW=0;
  51   1        LCD_DataPort=Data;
  52   1        LCD_EN=1;
  53   1        LCD_Delay();
  54   1        LCD_EN=0;
C51 COMPILER V9.54   LCD1602                                                               11/20/2021 21:25:58 PAGE 2   

  55   1        LCD_Delay();
  56   1      }
  57          
  58          void LCD_SetCursor(unsigned char Line,unsigned char Column)
  59          {
  60   1        if(Line==1)
  61   1        {
  62   2          LCD_WriteCommand(0x80|(Column-1));
  63   2        }
  64   1        else if(Line==2)
  65   1        {
  66   2          LCD_WriteCommand(0x80|(Column-1+0x40));
  67   2        }
  68   1      }
  69          
  70          void LCD_Init()
  71          {
  72   1        LCD_WriteCommand(0x38);
  73   1        LCD_WriteCommand(0x0c);
  74   1        LCD_WriteCommand(0x06);
  75   1        LCD_WriteCommand(0x01);
  76   1      }
  77          
  78          void LCD_ShowChar(unsigned char Line,unsigned char Column,char Char)
  79          {
  80   1        LCD_SetCursor(Line,Column);
  81   1        LCD_WriteData(Char);
  82   1      }
  83          
  84          void LCD_ShowString(unsigned char Line,unsigned char Column,char *String)
  85          {
  86   1        unsigned char i;
  87   1        LCD_SetCursor(Line,Column);
  88   1        for(i=0;String[i]!='\0';i++)
  89   1        {
  90   2          LCD_WriteData(String[i]);
  91   2        }
  92   1      }
  93          
  94          int LCD_Pow(int X,int Y)
  95          {
  96   1        unsigned char i;
  97   1        int Result=1;
  98   1        for(i=0;i<Y;i++)
  99   1        {
 100   2          Result*=X;
 101   2        }
 102   1        return Result;
 103   1      }
 104          
 105          void LCD_ShowNum(unsigned char Line,unsigned char Column,unsigned int Number,unsigned char Length)
 106          {
 107   1        unsigned char i;
 108   1        LCD_SetCursor(Line,Column);
 109   1        for(i=Length;i>0;i--)
 110   1        {
 111   2          LCD_WriteData(Number/LCD_Pow(10,i-1)%10+'0');
 112   2        }
 113   1      }
 114          
 115          void LCD_ShowSignedNum(unsigned char Line,unsigned char Column,int Number,unsigned char Length)
 116          {
C51 COMPILER V9.54   LCD1602                                                               11/20/2021 21:25:58 PAGE 3   

 117   1        unsigned char i;
 118   1        unsigned int Number1;
 119   1        LCD_SetCursor(Line,Column);
 120   1        if(Number>=0)
 121   1        {
 122   2          LCD_WriteData('+');
 123   2          Number1=Number;
 124   2        }
 125   1        else
 126   1        {
 127   2          LCD_WriteData('-');
 128   2          Number1=-Number;
 129   2        }
 130   1        for(i=Length;i>0;i--)
 131   1        {
 132   2          LCD_WriteData(Number1/LCD_Pow(10,i-1)%10+'0');
 133   2        }
 134   1      }
 135          
 136          void LCD_ShowHexNum(unsigned char Line,unsigned char Column,unsigned int Number,unsigned char Length)
 137          {
 138   1        unsigned char i,SingleNumber;
 139   1        LCD_SetCursor(Line,Column);
 140   1        for(i=Length;i>0;i--)
 141   1        {
 142   2          SingleNumber=Number/LCD_Pow(16,i-1)%16;
 143   2          if(SingleNumber<10)
 144   2          {
 145   3            LCD_WriteData(SingleNumber+'0');
 146   3          }
 147   2          else
 148   2          {
 149   3            LCD_WriteData(SingleNumber-10+'A');
 150   3          }
 151   2        }
 152   1      }
 153          
 154          void LCD_ShowBinNum(unsigned char Line,unsigned char Column,unsigned int Number,unsigned char Length)
 155          {
 156   1        unsigned char i;
 157   1        LCD_SetCursor(Line,Column);
 158   1        for(i=Length;i>0;i--)
 159   1        {
 160   2          LCD_WriteData(Number/LCD_Pow(2,i-1)%2+'0');
 161   2        }
 162   1      }


MODULE INFORMATION:   STATIC OVERLAYABLE
   CODE SIZE        =    422    ----
   CONSTANT SIZE    =   ----    ----
   XDATA SIZE       =   ----    ----
   PDATA SIZE       =   ----    ----
   DATA SIZE        =   ----      29
   IDATA SIZE       =   ----    ----
   BIT SIZE         =   ----    ----
END OF MODULE INFORMATION.


C51 COMPILATION COMPLETE.  0 WARNING(S),  0 ERROR(S)
