C51 COMPILER V9.54   ONEWIRE                                                               11/20/2021 21:25:58 PAGE 1   


C51 COMPILER V9.54, COMPILATION OF MODULE ONEWIRE
OBJECT MODULE PLACED IN .\Objects\OneWire.obj
COMPILER INVOKED BY: D:\keil5\C51\BIN\C51.EXE OneWire.c OPTIMIZE(8,SPEED) BROWSE DEBUG OBJECTEXTEND PRINT(.\Listings\One
                    -Wire.lst) TABS(2) OBJECT(.\Objects\OneWire.obj)

line level    source

   1          #include <REGX52.H>
   2          
   3          sbit OneWire_DQ=P3^7;
   4          
   5           unsigned char OneWire_Init()
   6           {
   7   1         unsigned char i;
   8   1         unsigned char AckBit;
   9   1         OneWire_DQ=1;
  10   1         OneWire_DQ=0;
  11   1        
  12   1         i = 247;while (--i);
  13   1        OneWire_DQ=1; 
  14   1         i = 32;while (--i);
  15   1         AckBit=OneWire_DQ;
  16   1         i = 247;while (--i);
  17   1         
  18   1         return AckBit;
  19   1       }
  20           
  21           void OneWire_SendBit(unsigned char Bit)
  22           {unsigned char  i;
  23   1         OneWire_DQ=0;
  24   1         i = 4;while (--i);
  25   1         
  26   1         OneWire_DQ=Bit;
  27   1         i = 24;
  28   1        while (--i);OneWire_DQ=1;
  29   1         
  30   1       }
  31           
  32           unsigned char OneWire_ReceiveBit()
  33           {
  34   1         unsigned char i;
  35   1         unsigned char Bit;
  36   1         
  37   1         OneWire_DQ=0 ;
  38   1          i = 2;while (--i);
  39   1         OneWire_DQ=1 ;
  40   1          i = 2;while (--i);
  41   1          Bit=OneWire_DQ;
  42   1          i = 24;while (--i);
  43   1         return Bit;
  44   1       }
  45           
  46           void OneWire_SendByte(unsigned char Byte)
  47           {
  48   1         unsigned char i;
  49   1         for(i = 0;i<8;i++)
  50   1         {
  51   2           OneWire_SendBit(Byte&(0x01<<i));    
  52   2         }
  53   1       }
  54           
C51 COMPILER V9.54   ONEWIRE                                                               11/20/2021 21:25:58 PAGE 2   

  55           unsigned char OneWire_ReceiveByte(void)
  56           {
  57   1         unsigned char i;
  58   1         unsigned char Byte=0x00;
  59   1         for(i = 0;i<8;i++)
  60   1         {
  61   2           if(OneWire_ReceiveBit()){ Byte|=(0x01<<i);} 
  62   2         }
  63   1         return Byte;
  64   1       }


MODULE INFORMATION:   STATIC OVERLAYABLE
   CODE SIZE        =    122    ----
   CONSTANT SIZE    =   ----    ----
   XDATA SIZE       =   ----    ----
   PDATA SIZE       =   ----    ----
   DATA SIZE        =   ----    ----
   IDATA SIZE       =   ----    ----
   BIT SIZE         =   ----    ----
END OF MODULE INFORMATION.


C51 COMPILATION COMPLETE.  0 WARNING(S),  0 ERROR(S)
